\BOOKMARK [0][-]{section*.2}{\376\377\000\105\000\161\000\165\000\141\000\164\000\151\000\157\000\156\000\040\000\157\000\146\000\040\000\163\000\164\000\141\000\164\000\145\000\040\000\141\000\156\000\144\000\040\000\142\000\141\000\162\000\171\000\157\000\156\000\040\000\156\000\165\000\155\000\142\000\145\000\162\000\040\000\146\000\154\000\165\000\143\000\164\000\165\000\141\000\164\000\151\000\157\000\156\000\163\000\040\000\141\000\164\000\040\000\146\000\151\000\156\000\151\000\164\000\145\000\040\000\164\000\145\000\155\000\160\000\145\000\162\000\141\000\164\000\165\000\162\000\145\000\040\000\141\000\156\000\144\000\040\000\144\000\145\000\156\000\163\000\151\000\164\000\171\000\040\000\151\000\156\000\040\000\121\000\103\000\104}{}% 2
\BOOKMARK [1][-]{section*.1}{\376\377\000\101\000\142\000\163\000\164\000\162\000\141\000\143\000\164}{section*.2}% 1
\BOOKMARK [1][-]{section*.3}{\376\377\000\111\000\156\000\164\000\162\000\157\000\144\000\165\000\143\000\164\000\151\000\157\000\156}{section*.2}% 3
\BOOKMARK [1][-]{section*.4}{\376\377\000\062\000\053\000\061\000\040\000\146\000\154\000\141\000\166\000\157\000\162\000\163\000\040\000\121\000\103\000\104\000\040\000\164\000\150\000\145\000\157\000\162\000\151\000\145\000\163}{section*.2}% 4
\BOOKMARK [2][-]{section*.5}{\376\377\000\124\000\150\000\145\000\040\000\145\000\146\000\146\000\145\000\143\000\164\000\151\000\166\000\145\000\040\000\141\000\143\000\164\000\151\000\157\000\156}{section*.4}% 5
\BOOKMARK [2][-]{section*.6}{\376\377\000\106\000\154\000\157\000\167\000\040\000\145\000\161\000\165\000\141\000\164\000\151\000\157\000\156\000\163}{section*.4}% 6
\BOOKMARK [1][-]{section*.7}{\376\377\000\124\000\150\000\145\000\162\000\155\000\157\000\144\000\171\000\156\000\141\000\155\000\151\000\143\000\141\000\154}{section*.2}% 7
\BOOKMARK [1][-]{section*.8}{\376\377\000\116\000\165\000\155\000\145\000\162\000\151\000\143\000\141\000\154\000\040\000\162\000\145\000\163\000\165\000\154\000\164\000\163}{section*.2}% 8
\BOOKMARK [2][-]{section*.9}{\376\377\000\116\000\165\000\155\000\145\000\162\000\151\000\143\000\141\000\154\000\040\000\163\000\145\000\164\000\165\000\160}{section*.8}% 9
\BOOKMARK [2][-]{section*.10}{\376\377\000\103\000\150\000\151\000\162\000\141\000\154\000\040\000\143\000\157\000\156\000\144\000\145\000\156\000\163\000\141\000\164\000\145\000\163}{section*.8}% 10
\BOOKMARK [2][-]{section*.11}{\376\377\000\105\000\161\000\165\000\141\000\164\000\151\000\157\000\156\000\040\000\157\000\146\000\040\000\163\000\164\000\141\000\164\000\145}{section*.8}% 11
\BOOKMARK [2][-]{section*.12}{\376\377\000\102\000\141\000\162\000\171\000\157\000\156\000\040\000\156\000\165\000\155\000\142\000\145\000\162\000\040\000\146\000\154\000\165\000\143\000\164\000\165\000\141\000\164\000\151\000\157\000\156\000\163}{section*.8}% 12
\BOOKMARK [1][-]{section*.13}{\376\377\000\103\000\157\000\156\000\143\000\154\000\165\000\163\000\151\000\157\000\156\000\163}{section*.2}% 13
\BOOKMARK [1][-]{section*.14}{\376\377\000\101\000\143\000\153\000\156\000\157\000\167\000\154\000\145\000\144\000\147\000\155\000\145\000\156\000\164\000\163}{section*.2}% 14
\BOOKMARK [1][-]{section*.15}{\376\377\000\124\000\150\000\145\000\040\000\105\000\146\000\146\000\145\000\143\000\164\000\151\000\166\000\145\000\040\000\120\000\157\000\164\000\145\000\156\000\164\000\151\000\141\000\154\000\040\000\141\000\156\000\144\000\040\000\115\000\145\000\163\000\157\000\156\000\040\000\155\000\141\000\163\000\163\000\145\000\163}{section*.2}% 15
\BOOKMARK [1][-]{section*.16}{\376\377\000\113\000\157\000\142\000\141\000\171\000\141\000\163\000\150\000\151\000\055\000\115\000\141\000\163\000\153\000\141\000\167\000\141\000\055\000\047\000\164\000\040\000\110\000\157\000\157\000\146\000\164\000\040\000\164\000\145\000\162\000\155}{section*.2}% 16
\BOOKMARK [1][-]{section*.17}{\376\377\000\121\000\165\000\141\000\162\000\153\000\163\000\040\000\141\000\156\000\157\000\155\000\141\000\154\000\157\000\165\000\163\000\040\000\144\000\151\000\155\000\145\000\156\000\163\000\151\000\157\000\156}{section*.2}% 17
\BOOKMARK [1][-]{section*.18}{\376\377\000\106\000\154\000\157\000\167\000\040\000\157\000\146\000\040\000\164\000\150\000\145\000\040\000\131\000\165\000\153\000\141\000\167\000\141\000\040\000\143\000\157\000\165\000\160\000\154\000\151\000\156\000\147\000\163}{section*.2}% 18
\BOOKMARK [1][-]{section*.19}{\376\377\000\120\000\157\000\154\000\171\000\141\000\153\000\157\000\166\000\055\000\154\000\157\000\157\000\160\000\040\000\160\000\157\000\164\000\145\000\156\000\164\000\151\000\141\000\154}{section*.2}% 19
\BOOKMARK [1][-]{section*.20}{\376\377\000\154\000\157\000\157\000\160\000\040\000\146\000\165\000\156\000\143\000\164\000\151\000\157\000\156}{section*.2}% 20
\BOOKMARK [1][-]{section*.21}{\376\377\000\122\000\145\000\146\000\145\000\162\000\145\000\156\000\143\000\145\000\163}{section*.2}% 21
