\BOOKMARK [0][-]{section*.2}{Baryon number fluctuations at finite temperature and density in QCD}{}% 2
\BOOKMARK [1][-]{section*.1}{Abstract}{section*.2}% 1
\BOOKMARK [1][-]{section*.3}{Introduction}{section*.2}% 3
\BOOKMARK [1][-]{section*.4}{2+1 flavors QCD theories}{section*.2}% 4
\BOOKMARK [2][-]{section*.5}{The effective action}{section*.4}% 5
\BOOKMARK [2][-]{section*.6}{Flow equations}{section*.4}% 6
\BOOKMARK [1][-]{section*.7}{Numerical results}{section*.2}% 7
\BOOKMARK [2][-]{section*.8}{Numerical setup and Chiral condensates}{section*.7}% 8
\BOOKMARK [2][-]{section*.9}{Baryon number fluctuations at vanishing density}{section*.7}% 9
\BOOKMARK [1][-]{section*.10}{Numerical results and discussions}{section*.2}% 10
\BOOKMARK [2][-]{section*.11}{Hyper-order baryon number fluctuations at vanishing density: benchmarks and predictions}{section*.10}% 11
\BOOKMARK [2][-]{section*.12}{Hyper-order baryon number fluctuations at finite density}{section*.10}% 12
\BOOKMARK [2][-]{section*.13}{Determination of the freeze-out curve}{section*.10}% 13
\BOOKMARK [2][-]{section*.14}{Hyper-order baryon number fluctuations on the freeze-out curve}{section*.10}% 14
\BOOKMARK [2][-]{section*.15}{Search for the CEP}{section*.10}% 15
\BOOKMARK [1][-]{section*.16}{Conclusions}{section*.2}% 16
\BOOKMARK [1][-]{section*.17}{Acknowledgments}{section*.2}% 17
\BOOKMARK [1][-]{section*.18}{The fRG-approach to QCD \046 LEFTs}{section*.2}% 18
\BOOKMARK [1][-]{section*.19}{Flow equations for Vk\(\), hk, and ,q}{section*.2}% 19
\BOOKMARK [1][-]{section*.20}{Initial conditions}{section*.2}% 20
\BOOKMARK [1][-]{section*.21}{Glue potential}{section*.2}% 21
\BOOKMARK [1][-]{section*.22}{References}{section*.2}% 22
