This is pdfTeX, Version 3.14159265-2.6-1.40.21 (TeX Live 2020) (preloaded format=pdflatex 2020.8.18)  20 APR 2021 10:58
entering extended mode
 restricted \write18 enabled.
 %&-line parsing enabled.
**hyper-fluc.tex
(./hyper-fluc.tex
LaTeX2e <2020-02-02> patch level 5
L3 programming layer <2020-03-06>
(/usr/local/texlive/2020/texmf-dist/tex/latex/revtex/revtex4-1.cls
Document Class: revtex4-1 2010/07/25/20:33:00 4.1r (http://publish.aps.org/revt
ex4/ for documentation)
 Copyright (c) 2009 The American Physical Society.
 mailto:revtex@aps.org
 Licensed under the LPPL:
http://www.ctan.org/tex-archive/macros/latex/base/lppl.txt
 Arthur Ogawa <arthur_ogawa at sbcglobal dot net>
 Based on work by David Carlisle <david at dcarlisle.demon.co.uk>.
ltxutil[2010/07/25/20:33:00 4.1r utilities package (portions licensed from W. E
. Baxter web at superscript.com)]
LaTeX Info: Redefining \@centercr on input line 308.
Class revtex4-1 Info: Repairing broken LaTeX eqnarray on input line 358.
\eqncolsep=\skip47
Class revtex4-1 Info: Repairing hyperref-unfriendly LaTeX definition of \mpfoot
note on input line 433.
Class revtex4-1 Info: Repairing broken LateX \@sect on input line 755.
\intertabularlinepenalty=\count167
\@tbpen=\count168
\@arstrutbox@hline=\box45
Class revtex4-1 Info: Repairing broken LaTeX \@xbitor on input line 1786.
Class revtex4-1 Info: Making \typeout \long on input line 2046.
ltxfront[2010/07/25/20:33:00 4.1r frontmatter package (AO,DPC)]
\c@affil=\count169
\c@collab=\count170
\absbox=\box46
ltxgrid[2010/07/25/20:33:00 4.1r page grid package (portions licensed from W. E
. Baxter web at superscript.com)]
\c@linecount=\count171
\output@latex=\toks15
\box@size@1=\box47
\box@size@2=\box48
\@protection@box=\box49
\@topmark@saved=\toks16
\footins@saved=\box50
\footins@recovered=\box51
\column@recovered=\box52
\pagesofar=\box53
\footsofar=\box54
\pagegrid@col=\count172

Class revtex4-1 Warning: Failed to recognize \@vspace, \@vspacer, \@no@pgbk, \@
newline, and \\; no patches applied. Please get a more up-to-date class, .

\c@part=\count173
\c@section=\count174
\c@subsection=\count175
\c@subsubsection=\count176
\c@paragraph=\count177
\c@subparagraph=\count178
\abovecaptionskip=\skip48
\belowcaptionskip=\skip49
\c@figure=\count179
\fbox@1=\box55
\c@table=\count180
\fbox@2=\box56
\c@video=\count181
\fbox@4=\box57
\@bibdataout=\write3
\widetext@top=\box58
\widetext@bot=\box59
Class revtex4-1 Info: Selecting society aps on input line 7542.
(/usr/local/texlive/2020/texmf-dist/tex/latex/revtex/aps4-1.rtx
File: aps4-1 2010/07/25/20:33:00 4.1r (http://publish.aps.org/revtex4/ for docu
mentation)
Class revtex4-1 Info: RevTeX society APS selected on input line 31.
)
Class revtex4-1 Info: Selecting journal prd on input line 7544.
Class revtex4-1 Info: APS journal PRD selected on input line 7545.

(/usr/local/texlive/2020/texmf-dist/tex/latex/revtex/aps10pt4-1.rtx
File: aps10pt4-1 2010/07/25/20:33:00 4.1r (http://publish.aps.org/revtex4/ for 
documentation)
Class revtex4-1 Info: RevTeX pointsize 10pt selected on input line 30.
)
(/usr/local/texlive/2020/texmf-dist/tex/latex/textcase/textcase.sty
Package: textcase 2019/09/14 v1.00 Text only upper/lower case changing (DPC)
)
(/usr/local/texlive/2020/texmf-dist/tex/latex/amsfonts/amssymb.sty
Package: amssymb 2013/01/14 v3.01 AMS font symbols

(/usr/local/texlive/2020/texmf-dist/tex/latex/amsfonts/amsfonts.sty
Package: amsfonts 2013/01/14 v3.01 Basic AMSFonts support
\@emptytoks=\toks17
\symAMSa=\mathgroup4
\symAMSb=\mathgroup5
LaTeX Font Info:    Redeclaring math symbol \hbar on input line 98.
LaTeX Font Info:    Overwriting math alphabet `\mathfrak' in version `bold'
(Font)                  U/euf/m/n --> U/euf/b/n on input line 106.
))
(/usr/local/texlive/2020/texmf-dist/tex/latex/amsmath/amsmath.sty
Package: amsmath 2020/01/20 v2.17e AMS math features
\@mathmargin=\skip50

For additional information on amsmath, use the `?' option.
(/usr/local/texlive/2020/texmf-dist/tex/latex/amsmath/amstext.sty
Package: amstext 2000/06/29 v2.01 AMS text

(/usr/local/texlive/2020/texmf-dist/tex/latex/amsmath/amsgen.sty
File: amsgen.sty 1999/11/30 v2.0 generic functions
\@emptytoks=\toks18
\ex@=\dimen134
)
LaTeX Info: Redefining \text on input line 28.
)
(/usr/local/texlive/2020/texmf-dist/tex/latex/amsmath/amsbsy.sty
Package: amsbsy 1999/11/29 v1.2d Bold Symbols
\pmbraise@=\dimen135
)
(/usr/local/texlive/2020/texmf-dist/tex/latex/amsmath/amsopn.sty
Package: amsopn 2016/03/08 v2.02 operator names
)
\inf@bad=\count182
LaTeX Info: Redefining \frac on input line 227.
\uproot@=\count183
\leftroot@=\count184
LaTeX Info: Redefining \overline on input line 389.
\classnum@=\count185
\DOTSCASE@=\count186
LaTeX Info: Redefining \ldots on input line 486.
LaTeX Info: Redefining \dots on input line 489.
LaTeX Info: Redefining \cdots on input line 610.
\Mathstrutbox@=\box60
\strutbox@=\box61
\big@size=\dimen136
LaTeX Font Info:    Redeclaring font encoding OML on input line 733.
LaTeX Font Info:    Redeclaring font encoding OMS on input line 734.
\macc@depth=\count187
\c@MaxMatrixCols=\count188
\dotsspace@=\muskip16
\c@parentequation=\count189
\dspbrk@lvl=\count190
\tag@help=\toks19
\row@=\count191
\column@=\count192
\maxfields@=\count193
\andhelp@=\toks20
\eqnshift@=\dimen137
\alignsep@=\dimen138
\tagshift@=\dimen139
\tagwidth@=\dimen140
\totwidth@=\dimen141
\lineht@=\dimen142
\@envbody=\toks21
\multlinegap=\skip51
\multlinetaggap=\skip52
\mathdisplay@stack=\toks22
LaTeX Info: Redefining \[ on input line 2859.
LaTeX Info: Redefining \] on input line 2860.
)
(/usr/local/texlive/2020/texmf-dist/tex/latex/url/url.sty
\Urlmuskip=\muskip17
Package: url 2013/09/16  ver 3.4  Verb mode for urls, etc.
)
(/usr/local/texlive/2020/texmf-dist/tex/latex/natbib/natbib.sty
Package: natbib 2010/09/13 8.31b (PWD, AO)
\bibhang=\skip53
\bibsep=\skip54
LaTeX Info: Redefining \cite on input line 694.
\c@NAT@ctr=\count194
)
Class revtex4-1 Info: Repairing natbib's \BibitemShut on input line 7549.

(/usr/local/texlive/2020/texmf-dist/tex/latex/revtex/revsymb4-1.sty
Package: revsymb4-1 2010/07/25/20:33:00 4.1r (http://publish.aps.org/revtex4/ f
or documentation)
LaTeX Info: Redefining \frak on input line 95.
LaTeX Info: Redefining \Bbb on input line 111.
LaTeX Info: Redefining \REV@mathfrak on input line 119.
))
(/usr/local/texlive/2020/texmf-dist/tex/latex/float/float.sty
Package: float 2001/11/08 v1.3d Float enhancements (AL)
\c@float@type=\count195
\float@exts=\toks23
\float@box=\box62
\@float@everytoks=\toks24
\@floatcapt=\box63
)
(/usr/local/texlive/2020/texmf-dist/tex/latex/graphics/graphicx.sty
Package: graphicx 2019/11/30 v1.2a Enhanced LaTeX Graphics (DPC,SPQR)

(/usr/local/texlive/2020/texmf-dist/tex/latex/graphics/keyval.sty
Package: keyval 2014/10/28 v1.15 key=value parser (DPC)
\KV@toks@=\toks25
)
(/usr/local/texlive/2020/texmf-dist/tex/latex/graphics/graphics.sty
Package: graphics 2019/11/30 v1.4a Standard LaTeX Graphics (DPC,SPQR)

(/usr/local/texlive/2020/texmf-dist/tex/latex/graphics/trig.sty
Package: trig 2016/01/03 v1.10 sin cos tan (DPC)
)
(/usr/local/texlive/2020/texmf-dist/tex/latex/graphics-cfg/graphics.cfg
File: graphics.cfg 2016/06/04 v1.11 sample graphics configuration
)
Package graphics Info: Driver file: pdftex.def on input line 105.

(/usr/local/texlive/2020/texmf-dist/tex/latex/graphics-def/pdftex.def
File: pdftex.def 2018/01/08 v1.0l Graphics/color driver for pdftex
))
\Gin@req@height=\dimen143
\Gin@req@width=\dimen144
)
(/usr/local/texlive/2020/texmf-dist/tex/latex/tools/dcolumn.sty
Package: dcolumn 2014/10/28 v1.06 decimal alignment package (DPC)

(/usr/local/texlive/2020/texmf-dist/tex/latex/tools/array.sty
Package: array 2019/08/31 v2.4l Tabular extension package (FMi)
\col@sep=\dimen145
\ar@mcellbox=\box64
\extrarowheight=\dimen146
\NC@list=\toks26
\extratabsurround=\skip55
\backup@length=\skip56
\ar@cellbox=\box65
))
(/usr/local/texlive/2020/texmf-dist/tex/latex/tools/bm.sty
Package: bm 2019/07/24 v1.2d Bold Symbol Support (DPC/FMi)
\symboldoperators=\mathgroup6
\symboldletters=\mathgroup7
\symboldsymbols=\mathgroup8
LaTeX Font Info:    Redeclaring math alphabet \mathbf on input line 141.
LaTeX Info: Redefining \bm on input line 209.
)
(/usr/local/texlive/2020/texmf-dist/tex/latex/bbold/bbold.sty
Package: bbold 1994/04/06 Bbold symbol package
LaTeX Font Info:    Redeclaring math alphabet \mathbb on input line 42.
)
(/usr/local/texlive/2020/texmf-dist/tex/latex/braket/braket.sty)
(/usr/local/texlive/2020/texmf-dist/tex/latex/graphics/color.sty
Package: color 2019/11/23 v1.2a Standard LaTeX Color (DPC)

(/usr/local/texlive/2020/texmf-dist/tex/latex/graphics-cfg/color.cfg
File: color.cfg 2016/01/02 v1.6 sample color configuration
)
Package color Info: Driver file: pdftex.def on input line 147.
)
(/usr/local/texlive/2020/texmf-dist/tex/latex/subfigure/subfigure.sty
Package: subfigure 2002/03/15 v2.1.5 subfigure package
\subfigtopskip=\skip57
\subfigcapskip=\skip58
\subfigcaptopadj=\dimen147
\subfigbottomskip=\skip59
\subfigcapmargin=\dimen148
\subfiglabelskip=\skip60
\c@subfigure=\count196
\c@lofdepth=\count197
\c@subtable=\count198
\c@lotdepth=\count199

****************************************
* Local config file subfigure.cfg used *
****************************************
(/usr/local/texlive/2020/texmf-dist/tex/latex/subfigure/subfigure.cfg)
\subfig@top=\skip61
\subfig@bottom=\skip62
)
Package color Info: Redefining color blue on input line 56.
Package color Info: Redefining color green on input line 58.
Package color Info: Redefining color red on input line 60.

(/usr/local/texlive/2020/texmf-dist/tex/latex/tools/xspace.sty
Package: xspace 2014/10/28 v1.13 Space after command names (DPC,MH)
)
(/usr/local/texlive/2020/texmf-dist/tex/latex/siunitx/siunitx.sty
(/usr/local/texlive/2020/texmf-dist/tex/latex/l3kernel/expl3.sty
Package: expl3 2020-03-06 L3 programming layer (loader) 

(/usr/local/texlive/2020/texmf-dist/tex/latex/l3backend/l3backend-pdfmode.def
File: l3backend-pdfmode.def 2020-03-12 L3 backend support: PDF mode
\l__kernel_color_stack_int=\count266
\l__pdf_internal_box=\box66
)) (/usr/local/texlive/2020/texmf-dist/tex/latex/l3packages/xparse/xparse.sty
Package: xparse 2020-03-06 L3 Experimental document command parser
\l__xparse_current_arg_int=\count267
\g__xparse_grabber_int=\count268
\l__xparse_m_args_int=\count269
\l__xparse_v_nesting_int=\count270
)
Package: siunitx 2020/02/25 v2.8b A comprehensive (SI) units package

(/usr/local/texlive/2020/texmf-dist/tex/latex/l3packages/l3keys2e/l3keys2e.sty
Package: l3keys2e 2020-03-06 LaTeX2e option processing using LaTeX3 keys
)
\l__siunitx_tmp_box=\box67
\l__siunitx_tmp_dim=\dimen149
\l__siunitx_tmp_int=\count271
\l__siunitx_number_mantissa_length_int=\count272
\l__siunitx_number_uncert_length_int=\count273
\l__siunitx_round_int=\count274
\l__siunitx_process_decimal_int=\count275
\l__siunitx_process_uncertainty_int=\count276
\l__siunitx_process_fixed_int=\count277
\l__siunitx_process_integer_min_int=\count278
\l__siunitx_process_precision_int=\count279
\l__siunitx_group_min_int=\count280
\l__siunitx_angle_marker_box=\box68
\l__siunitx_angle_unit_box=\box69
\l__siunitx_angle_marker_dim=\dimen150
\l__siunitx_angle_unit_dim=\dimen151
\l__siunitx_unit_int=\count281
\l__siunitx_unit_denominator_int=\count282
\l__siunitx_unit_numerator_int=\count283
\l__siunitx_unit_prefix_int=\count284
\l__siunitx_unit_prefix_base_int=\count285
\l__siunitx_unit_prefix_gram_int=\count286
\l__siunitx_number_product_int=\count287
\c__siunitx_one_fill_skip=\skip63
\l__siunitx_table_unit_align_skip=\skip64
\l__siunitx_table_exponent_dim=\dimen152
\l__siunitx_table_integer_dim=\dimen153
\l__siunitx_table_mantissa_dim=\dimen154
\l__siunitx_table_marker_dim=\dimen155
\l__siunitx_table_result_dim=\dimen156
\l__siunitx_table_uncert_dim=\dimen157
\l__siunitx_table_fill_pre_dim=\dimen158
\l__siunitx_table_fill_post_dim=\dimen159
\l__siunitx_table_fill_mid_dim=\dimen160
\l__siunitx_table_pre_box=\box70
\l__siunitx_table_post_box=\box71
\l__siunitx_table_mantissa_box=\box72
\l__siunitx_table_result_box=\box73
\l__siunitx_table_number_align_skip=\skip65
\l__siunitx_table_text_align_skip=\skip66
(/usr/local/texlive/2020/texmf-dist/tex/latex/translator/translator.sty
Package: translator 2019-05-31 v1.12a Easy translation of strings in LaTeX
))
(/usr/local/texlive/2020/texmf-dist/tex/latex/l3packages/xfrac/xfrac.sty
(/usr/local/texlive/2020/texmf-dist/tex/latex/base/textcomp.sty
Package: textcomp 2020/02/02 v2.0n Standard LaTeX package
)
(/usr/local/texlive/2020/texmf-dist/tex/latex/l3packages/xtemplate/xtemplate.st
y
Package: xtemplate 2020-03-06 L3 Experimental prototype document functions
\l__xtemplate_tmp_dim=\dimen161
\l__xtemplate_tmp_int=\count288
\l__xtemplate_tmp_muskip=\muskip18
\l__xtemplate_tmp_skip=\skip67
)
Package: xfrac 2020-03-06 L3 Experimental split-level fractions
\l__xfrac_slash_box=\box74
\l__xfrac_tmp_box=\box75
\l__xfrac_denominator_bot_sep_dim=\dimen162
\l__xfrac_numerator_bot_sep_dim=\dimen163
\l__xfrac_numerator_top_sep_dim=\dimen164
\l__xfrac_slash_left_sep_dim=\dimen165
\l__xfrac_slash_right_sep_dim=\dimen166
\l__xfrac_slash_left_muskip=\muskip19
\l__xfrac_slash_right_muskip=\muskip20

Package xtemplate Info: Declaring object type 'xfrac' taking 3 argument(s) on
(xtemplate)             line 80.

) (/usr/local/texlive/2020/texmf-dist/tex/latex/hyperref/hyperref.sty
Package: hyperref 2020/01/14 v7.00d Hypertext links for LaTeX

(/usr/local/texlive/2020/texmf-dist/tex/generic/ltxcmds/ltxcmds.sty
Package: ltxcmds 2019/12/15 v1.24 LaTeX kernel commands for general use (HO)
)
(/usr/local/texlive/2020/texmf-dist/tex/generic/iftex/iftex.sty
Package: iftex 2020/03/06 v1.0d TeX engine tests
)
(/usr/local/texlive/2020/texmf-dist/tex/latex/pdftexcmds/pdftexcmds.sty
Package: pdftexcmds 2019/11/24 v0.31 Utility functions of pdfTeX for LuaTeX (HO
)

(/usr/local/texlive/2020/texmf-dist/tex/generic/infwarerr/infwarerr.sty
Package: infwarerr 2019/12/03 v1.5 Providing info/warning/error messages (HO)
)
Package pdftexcmds Info: \pdf@primitive is available.
Package pdftexcmds Info: \pdf@ifprimitive is available.
Package pdftexcmds Info: \pdfdraftmode found.
)
(/usr/local/texlive/2020/texmf-dist/tex/generic/kvsetkeys/kvsetkeys.sty
Package: kvsetkeys 2019/12/15 v1.18 Key value parser (HO)
)
(/usr/local/texlive/2020/texmf-dist/tex/generic/kvdefinekeys/kvdefinekeys.sty
Package: kvdefinekeys 2019-12-19 v1.6 Define keys (HO)
)
(/usr/local/texlive/2020/texmf-dist/tex/generic/pdfescape/pdfescape.sty
Package: pdfescape 2019/12/09 v1.15 Implements pdfTeX's escape features (HO)
)
(/usr/local/texlive/2020/texmf-dist/tex/latex/hycolor/hycolor.sty
Package: hycolor 2020-01-27 v1.10 Color options for hyperref/bookmark (HO)
)
(/usr/local/texlive/2020/texmf-dist/tex/latex/letltxmacro/letltxmacro.sty
Package: letltxmacro 2019/12/03 v1.6 Let assignment for LaTeX macros (HO)
)
(/usr/local/texlive/2020/texmf-dist/tex/latex/auxhook/auxhook.sty
Package: auxhook 2019-12-17 v1.6 Hooks for auxiliary files (HO)
)
(/usr/local/texlive/2020/texmf-dist/tex/latex/kvoptions/kvoptions.sty
Package: kvoptions 2019/11/29 v3.13 Key value format for package options (HO)
)
\@linkdim=\dimen167
\Hy@linkcounter=\count289
\Hy@pagecounter=\count290

(/usr/local/texlive/2020/texmf-dist/tex/latex/hyperref/pd1enc.def
File: pd1enc.def 2020/01/14 v7.00d Hyperref: PDFDocEncoding definition (HO)
Now handling font encoding PD1 ...
... no UTF-8 mapping file for font encoding PD1
)
(/usr/local/texlive/2020/texmf-dist/tex/generic/intcalc/intcalc.sty
Package: intcalc 2019/12/15 v1.3 Expandable calculations with integers (HO)
)
(/usr/local/texlive/2020/texmf-dist/tex/generic/etexcmds/etexcmds.sty
Package: etexcmds 2019/12/15 v1.7 Avoid name clashes with e-TeX commands (HO)
)
\Hy@SavedSpaceFactor=\count291
Package hyperref Info: Hyper figures OFF on input line 4547.
Package hyperref Info: Link nesting OFF on input line 4552.
Package hyperref Info: Hyper index ON on input line 4555.
Package hyperref Info: Plain pages OFF on input line 4562.
Package hyperref Info: Backreferencing OFF on input line 4567.
Package hyperref Info: Implicit mode ON; LaTeX internals redefined.
Package hyperref Info: Bookmarks ON on input line 4800.
LaTeX Info: Redefining \href on input line 5070.
\c@Hy@tempcnt=\count292
LaTeX Info: Redefining \url on input line 5159.
\XeTeXLinkMargin=\dimen168

(/usr/local/texlive/2020/texmf-dist/tex/generic/bitset/bitset.sty
Package: bitset 2019/12/09 v1.3 Handle bit-vector datatype (HO)

(/usr/local/texlive/2020/texmf-dist/tex/generic/bigintcalc/bigintcalc.sty
Package: bigintcalc 2019/12/15 v1.5 Expandable calculations on big integers (HO
)
))
\Fld@menulength=\count293
\Field@Width=\dimen169
\Fld@charsize=\dimen170
Package hyperref Info: Hyper figures OFF on input line 6430.
Package hyperref Info: Link nesting OFF on input line 6435.
Package hyperref Info: Hyper index ON on input line 6438.
Package hyperref Info: backreferencing OFF on input line 6445.
Package hyperref Info: Link coloring OFF on input line 6450.
Package hyperref Info: Link coloring with OCG OFF on input line 6455.
Package hyperref Info: PDF/A mode OFF on input line 6460.
LaTeX Info: Redefining \ref on input line 6500.
LaTeX Info: Redefining \pageref on input line 6504.

(/usr/local/texlive/2020/texmf-dist/tex/generic/atbegshi/atbegshi.sty
Package: atbegshi 2019/12/05 v1.19 At begin shipout hook (HO)
)
\Hy@abspage=\count294
\c@Item=\count295
\c@Hfootnote=\count296
)
Package hyperref Info: Driver (autodetected): hpdftex.

(/usr/local/texlive/2020/texmf-dist/tex/latex/hyperref/hpdftex.def
File: hpdftex.def 2020/01/14 v7.00d Hyperref driver for pdfTeX

(/usr/local/texlive/2020/texmf-dist/tex/latex/atveryend/atveryend.sty
Package: atveryend 2019-12-11 v1.11 Hooks at the very end of document (HO)
)
\Fld@listcount=\count297
\c@bookmark@seq@number=\count298

(/usr/local/texlive/2020/texmf-dist/tex/latex/rerunfilecheck/rerunfilecheck.sty
Package: rerunfilecheck 2019/12/05 v1.9 Rerun checks for auxiliary files (HO)

(/usr/local/texlive/2020/texmf-dist/tex/generic/uniquecounter/uniquecounter.sty
Package: uniquecounter 2019/12/15 v1.4 Provide unlimited unique counter (HO)
)
Package uniquecounter Info: New unique counter `rerunfilecheck' on input line 2
86.
)
\Hy@SectionHShift=\skip68
) (/usr/local/texlive/2020/texmf-dist/tex/latex/cleveref/cleveref.sty
Package: cleveref 2018/03/27 v0.21.4 Intelligent cross-referencing
Package cleveref Info: `hyperref' support loaded on input line 2370.
LaTeX Info: Redefining \cref on input line 2370.
LaTeX Info: Redefining \Cref on input line 2370.
LaTeX Info: Redefining \crefrange on input line 2370.
LaTeX Info: Redefining \Crefrange on input line 2370.
LaTeX Info: Redefining \cpageref on input line 2370.
LaTeX Info: Redefining \Cpageref on input line 2370.
LaTeX Info: Redefining \cpagerefrange on input line 2370.
LaTeX Info: Redefining \Cpagerefrange on input line 2370.
LaTeX Info: Redefining \labelcref on input line 2370.
LaTeX Info: Redefining \labelcpageref on input line 2370.
Package cleveref Info: include cross-reference names in hyperlinks on input lin
e 7836.
Package cleveref Info: include cross-reference names in hyperlinks on input lin
e 7852.
)
(/usr/local/texlive/2020/texmf-dist/tex/latex/appendix/appendix.sty
Package: appendix 2020/02/08 v1.2c extra appendix facilities
\c@@pps=\count299
\c@@ppsavesec=\count300
\c@@ppsaveapp=\count301
)
(/usr/local/texlive/2020/texmf-dist/tex/latex/units/units.sty
Package: units 1998/08/04 v0.9b Typesetting units

(/usr/local/texlive/2020/texmf-dist/tex/latex/base/ifthen.sty
Package: ifthen 2014/09/29 v1.1c Standard LaTeX ifthen package (DPC)
)
(/usr/local/texlive/2020/texmf-dist/tex/latex/units/nicefrac.sty
Package: nicefrac 1998/08/04 v0.9b Nice fractions
\L@UnitsRaiseDisplaystyle=\skip69
\L@UnitsRaiseTextstyle=\skip70
\L@UnitsRaiseScriptstyle=\skip71
))
(/usr/local/texlive/2020/texmf-dist/tex/latex/xifthen/xifthen.sty
Package: xifthen 2015/11/05 v1.4.0 Extended ifthen features

(/usr/local/texlive/2020/texmf-dist/tex/latex/tools/calc.sty
Package: calc 2017/05/25 v4.3 Infix arithmetic (KKT,FJ)
\calc@Acount=\count302
\calc@Bcount=\count303
\calc@Adimen=\dimen171
\calc@Bdimen=\dimen172
\calc@Askip=\skip72
\calc@Bskip=\skip73
LaTeX Info: Redefining \setlength on input line 80.
LaTeX Info: Redefining \addtolength on input line 81.
\calc@Ccount=\count304
\calc@Cskip=\skip74
)
(/usr/local/texlive/2020/texmf-dist/tex/latex/ifmtarg/ifmtarg.sty
Package: ifmtarg 2018/04/16 v1.2b check for an empty argument
))
(/usr/local/texlive/2020/texmf-dist/tex/latex/xcolor/xcolor.sty
Package: xcolor 2016/05/11 v2.12 LaTeX color extensions (UK)

(/usr/local/texlive/2020/texmf-dist/tex/latex/graphics-cfg/color.cfg
File: color.cfg 2016/01/02 v1.6 sample color configuration
)
Package xcolor Info: Driver file: pdftex.def on input line 225.
LaTeX Info: Redefining \color on input line 709.
Package xcolor Info: Model `cmy' substituted by `cmy0' on input line 1348.
Package xcolor Info: Model `hsb' substituted by `rgb' on input line 1352.
Package xcolor Info: Model `RGB' extended on input line 1364.
Package xcolor Info: Model `HTML' substituted by `rgb' on input line 1366.
Package xcolor Info: Model `Hsb' substituted by `hsb' on input line 1367.
Package xcolor Info: Model `tHsb' substituted by `hsb' on input line 1368.
Package xcolor Info: Model `HSB' substituted by `hsb' on input line 1369.
Package xcolor Info: Model `Gray' substituted by `gray' on input line 1370.
Package xcolor Info: Model `wave' substituted by `hsb' on input line 1371.
)
Package hyperref Info: Option `colorlinks' set `true' on input line 85.
Class revtex4-1 Info: Unrecognized array package. Please update this document c
lass! (Proceeding with fingers crossed.) on input line 165.


Class revtex4-1 Warning: Repair the float package.

Class revtex4-1 Info: cite was not loaded (OK!) on input line 165.
Class revtex4-1 Info: mcite was not loaded (OK!) on input line 165.
Class revtex4-1 Info: multicol was not loaded (OK!) on input line 165.
(./hyper-fluc.aux

LaTeX Warning: Label `' multiply defined.


LaTeX Warning: Label `@cref' multiply defined.

)
\openout1 = `hyper-fluc.aux'.

LaTeX Font Info:    Checking defaults for OML/cmm/m/it on input line 165.
LaTeX Font Info:    ... okay on input line 165.
LaTeX Font Info:    Checking defaults for OMS/cmsy/m/n on input line 165.
LaTeX Font Info:    ... okay on input line 165.
LaTeX Font Info:    Checking defaults for OT1/cmr/m/n on input line 165.
LaTeX Font Info:    ... okay on input line 165.
LaTeX Font Info:    Checking defaults for T1/cmr/m/n on input line 165.
LaTeX Font Info:    ... okay on input line 165.
LaTeX Font Info:    Checking defaults for TS1/cmr/m/n on input line 165.
LaTeX Font Info:    ... okay on input line 165.
LaTeX Font Info:    Checking defaults for OMX/cmex/m/n on input line 165.
LaTeX Font Info:    ... okay on input line 165.
LaTeX Font Info:    Checking defaults for U/cmr/m/n on input line 165.
LaTeX Font Info:    ... okay on input line 165.
LaTeX Font Info:    Checking defaults for PD1/pdf/m/n on input line 165.
LaTeX Font Info:    ... okay on input line 165.
 (/usr/local/texlive/2020/texmf-dist/tex/context/base/mkii/supp-pdf.mkii
[Loading MPS to PDF converter (version 2006.09.02).]
\scratchcounter=\count305
\scratchdimen=\dimen173
\scratchbox=\box76
\nofMPsegments=\count306
\nofMParguments=\count307
\everyMPshowfont=\toks27
\MPscratchCnt=\count308
\MPscratchDim=\dimen174
\MPnumerator=\count309
\makeMPintoPDFobject=\count310
\everyMPtoPDFconversion=\toks28
) (/usr/local/texlive/2020/texmf-dist/tex/latex/epstopdf-pkg/epstopdf-base.sty
Package: epstopdf-base 2020-01-24 v2.11 Base part for package epstopdf
Package epstopdf-base Info: Redefining graphics rule for `.eps' on input line 4
85.

(/usr/local/texlive/2020/texmf-dist/tex/latex/latexconfig/epstopdf-sys.cfg
File: epstopdf-sys.cfg 2010/07/13 v1.3 Configuration of (r)epstopdf for TeX Liv
e
))
(/usr/local/texlive/2020/texmf-dist/tex/latex/translator/translator-basic-dicti
onary-English.dict
Dictionary: translator-basic-dictionary, Language: English 
)
(/usr/local/texlive/2020/texmf-dist/tex/latex/siunitx/siunitx-abbreviations.cfg
File: siunitx-abbreviations.cfg 2017/11/26 v2.7k siunitx: Abbreviated units
)
\AtBeginShipoutBox=\box77
Package hyperref Info: Link coloring ON on input line 165.
 (/usr/local/texlive/2020/texmf-dist/tex/latex/hyperref/nameref.sty
Package: nameref 2019/09/16 v2.46 Cross-referencing by name of section

(/usr/local/texlive/2020/texmf-dist/tex/latex/refcount/refcount.sty
Package: refcount 2019/12/15 v3.6 Data extraction from label references (HO)
)
(/usr/local/texlive/2020/texmf-dist/tex/generic/gettitlestring/gettitlestring.s
ty
Package: gettitlestring 2019/12/15 v1.6 Cleanup title references (HO)
)
\c@section@level=\count311
)
LaTeX Info: Redefining \ref on input line 165.
LaTeX Info: Redefining \pageref on input line 165.
LaTeX Info: Redefining \nameref on input line 165.
 (./hyper-fluc.out) (./hyper-fluc.out)
\@outlinefile=\write4
\openout4 = `hyper-fluc.out'.

Class revtex4-1 Info: Taking \maketitle back from hyperref on input line 165.
\openout3 = `hyper-flucNotes.bib'.

LaTeX Font Info:    Trying to load font information for U+msa on input line 165
.

(/usr/local/texlive/2020/texmf-dist/tex/latex/amsfonts/umsa.fd
File: umsa.fd 2013/01/14 v3.01 AMS symbols A
)
LaTeX Font Info:    Trying to load font information for U+msb on input line 165
.

(/usr/local/texlive/2020/texmf-dist/tex/latex/amsfonts/umsb.fd
File: umsb.fd 2013/01/14 v3.01 AMS symbols B
)
<QCD_equation.pdf, id=92, 344.99991pt x 62.099pt>
File: QCD_equation.pdf Graphic file (type pdf)
<use QCD_equation.pdf>
Package pdftex.def Info: QCD_equation.pdf  used on input line 212.
(pdftex.def)             Requested size: 229.49844pt x 41.31046pt.
LaTeX Font Info:    Trying to load font information for U+bbold on input line 2
38.

(/usr/local/texlive/2020/texmf-dist/tex/latex/bbold/Ubbold.fd)
<4quark.pdf, id=97, 306.12788pt x 170.85822pt>
File: 4quark.pdf Graphic file (type pdf)
<use 4quark.pdf>
Package pdftex.def Info: 4quark.pdf  used on input line 283.
(pdftex.def)             Requested size: 229.49844pt x 128.08858pt.
 [1{/usr/local/texlive/2020/texmf-var/fonts/map/pdftex/updmap/pdftex.map} <./QC
D_equation.pdf>]

LaTeX Warning: A float is stuck (cannot be placed); try class option [floatfix]
 on input line 290.


Overfull \hbox (33.74982pt too wide) detected at line 326
[]
 []

<MFMBO.pdf, id=168, 650.43pt x 252.945pt>
File: MFMBO.pdf Graphic file (type pdf)
<use MFMBO.pdf>
Package pdftex.def Info: MFMBO.pdf  used on input line 336.
(pdftex.def)             Requested size: 458.99689pt x 178.50378pt.
[2 <./4quark.pdf>]
<Delta.pdf, id=322, 650.43pt x 252.945pt>
File: Delta.pdf Graphic file (type pdf)
<use Delta.pdf>
Package pdftex.def Info: Delta.pdf  used on input line 366.
(pdftex.def)             Requested size: 484.49844pt x 188.41916pt.
<R42R62R82-T-muB0to400.pdf, id=323, 975.645pt x 252.945pt>
File: R42R62R82-T-muB0to400.pdf Graphic file (type pdf)
<use R42R62R82-T-muB0to400.pdf>
Package pdftex.def Info: R42R62R82-T-muB0to400.pdf  used on input line 395.
(pdftex.def)             Requested size: 510.0pt x 132.22302pt.


LaTeX Warning: Reference `subsec:scale' on page 1 undefined on input line 413.


LaTeX Warning: Reference `eq:Rnm' on page 1 undefined on input line 413.


LaTeX Warning: Reference `fig:T-adjust' on page 1 undefined on input line 413.


LaTeX Warning: Reference `fig:R42R62R82-T-muB0' on page 1 undefined on input li
ne 413.


LaTeX Warning: Reference `fig:R42R62R82-T-muB0' on page 1 undefined on input li
ne 413.


Package natbib Warning: Citation `Bazavov:2017dus' on page 3 undefined on input
 line 413.


Package natbib Warning: Citation `Bazavov:2017tot' on page 3 undefined on input
 line 413.


Package natbib Warning: Citation `Bazavov:2020bjn' on page 3 undefined on input
 line 413.


Package natbib Warning: Citation `Borsanyi:2018grb' on page 3 undefined on inpu
t line 413.

[3 <./MFMBO.pdf>]

Package natbib Warning: Citation `BraunMunzinger:2003zd' on page 4 undefined on
 input line 418.


LaTeX Warning: Reference `fig:R102-T-muB0' on page 1 undefined on input line 41
8.


LaTeX Warning: Reference `fig:R102-T-muB0' on page 1 undefined on input line 41
8.

<R42R62-muBoT.pdf, id=384, 650.43pt x 252.945pt>
File: R42R62-muBoT.pdf Graphic file (type pdf)
<use R42R62-muBoT.pdf>
Package pdftex.def Info: R42R62-muBoT.pdf  used on input line 423.
(pdftex.def)             Requested size: 458.99689pt x 178.50378pt.

Package natbib Warning: Citation `Bazavov:2020bjn' on page 4 undefined on input
 line 424.


Package natbib Warning: Citation `Borsanyi:2018grb' on page 4 undefined on inpu
t line 424.


Package natbib Warning: Citation `Bazavov:2020bjn' on page 4 undefined on input
 line 424.


Package natbib Warning: Citation `Borsanyi:2018grb' on page 4 undefined on inpu
t line 424.

[4 <./Delta.pdf> <./R42R62R82-T-muB0to400.pdf

pdfTeX warning: /usr/local/bin/pdflatex (file ./R42R62R82-T-muB0to400.pdf): PDF
 inclusion: multiple pdfs with page group included in a single page
>]

LaTeX Warning: Reference `fig:QCD-scalematching' on page 1 undefined on input l
ine 437.

<R42R62expansion-muBoT.pdf, id=522, 650.43pt x 505.89pt>
File: R42R62expansion-muBoT.pdf Graphic file (type pdf)
<use R42R62expansion-muBoT.pdf>
Package pdftex.def Info: R42R62expansion-muBoT.pdf  used on input line 442.
(pdftex.def)             Requested size: 458.99689pt x 357.00757pt.

LaTeX Warning: Reference `eq:suscept' on page 1 undefined on input line 443.


LaTeX Warning: Reference `eq:suscept' on page 1 undefined on input line 443.


LaTeX Warning: Reference `eq:pres' on page 1 undefined on input line 448.


LaTeX Warning: Reference `eq:suscept' on page 1 undefined on input line 454.


Package natbib Warning: Citation `Bazavov:2020bjn' on page 5 undefined on input
 line 462.


Package natbib Warning: Citation `Borsanyi:2018grb' on page 5 undefined on inpu
t line 462.


LaTeX Warning: Reference `fig:R42R62R82-T-muB0' on page 1 undefined on input li
ne 462.

[5 <./R42R62-muBoT.pdf>]

LaTeX Warning: Reference `eq:suscept' on page 1 undefined on input line 464.

[6 <./R42R62expansion-muBoT.pdf>]

LaTeX Warning: Reference `fig:R102-T-muB0' on page 1 undefined on input line 47
0.


Package natbib Warning: Citation `Karsch:2010hm' on page 7 undefined on input l
ine 479.


Package natbib Warning: Citation `Roberge:1986mm' on page 7 undefined on input 
line 479.


Package natbib Warning: Citation `Yang:1952be' on page 7 undefined on input lin
e 479.


Package natbib Warning: Citation `Braun:2009gm' on page 7 undefined on input li
ne 479.


Package natbib Warning: Citation `Philipsen:2014rpa' on page 7 undefined on inp
ut line 479.


Package natbib Warning: Citation `Stephanov:2006dn' on page 7 undefined on inpu
t line 479.


Package natbib Warning: Citation `Mukherjee:2019eou' on page 7 undefined on inp
ut line 479.


Package natbib Warning: Citation `Connelly:2020gwa' on page 7 undefined on inpu
t line 479.


Underfull \hbox (badness 2221) in paragraph at lines 481--482
[]\OT1/cmr/m/n/10 This in-ter-pre-ta-tion also im-plies that the re-sults
 []

<R31R51R71-T-muB0to400.pdf, id=668, 975.645pt x 252.945pt>
File: R31R51R71-T-muB0to400.pdf Graphic file (type pdf)
<use R31R51R71-T-muB0to400.pdf>
Package pdftex.def Info: R31R51R71-T-muB0to400.pdf  used on input line 486.
(pdftex.def)             Requested size: 510.0pt x 132.22302pt.
<R32-T-muB0to400.pdf, id=673, 325.215pt x 252.945pt>
File: R32-T-muB0to400.pdf Graphic file (type pdf)
<use R32-T-muB0to400.pdf>
Package pdftex.def Info: R32-T-muB0to400.pdf  used on input line 498.
(pdftex.def)             Requested size: 229.49844pt x 178.50378pt.
<phasediagram.pdf, id=674, 325.215pt x 252.945pt>
File: phasediagram.pdf Graphic file (type pdf)
<use phasediagram.pdf>
Package pdftex.def Info: phasediagram.pdf  used on input line 513.
(pdftex.def)             Requested size: 214.19907pt x 166.60457pt.
<R42phasediagram.pdf, id=675, 325.215pt x 202.356pt>
File: R42phasediagram.pdf Graphic file (type pdf)
<use R42phasediagram.pdf>
Package pdftex.def Info: R42phasediagram.pdf  used on input line 514.
(pdftex.def)             Requested size: 280.50156pt x 174.54767pt.

Package natbib Warning: Citation `Andronic:2017pug' on page 7 undefined on inpu
t line 516.


Package natbib Warning: Citation `Adamczyk:2017iwn' on page 7 undefined on inpu
t line 516.


Package natbib Warning: Citation `Braun:2019aow' on page 7 undefined on input l
ine 516.


Package natbib Warning: Citation `Fischer:2018sdj' on page 7 undefined on input
 line 516.


LaTeX Warning: Reference `fig:QCD-scalematching' on page 1 undefined on input l
ine 516.


Package natbib Warning: Citation `Andronic:2017pug' on page 7 undefined on inpu
t line 516.


Package natbib Warning: Citation `Adamczyk:2017iwn' on page 7 undefined on inpu
t line 516.


Package natbib Warning: Citation `Braun:2019aow' on page 7 undefined on input l
ine 516.


Package natbib Warning: Citation `Fischer:2018sdj' on page 7 undefined on input
 line 516.


LaTeX Warning: Reference `fig:QCD-scalematching' on page 1 undefined on input l
ine 516.


Package natbib Warning: Citation `Adamczyk:2013dal' on page 7 undefined on inpu
t line 523.


Package natbib Warning: Citation `Luo:2015ewa' on page 7 undefined on input lin
e 523.


Package natbib Warning: Citation `Bzdak:2016sxg' on page 7 undefined on input l
ine 523.


Package natbib Warning: Citation `He:2017zpg' on page 7 undefined on input line
 523.


Package natbib Warning: Citation `Adam:2020unf' on page 7 undefined on input li
ne 523.


Package natbib Warning: Citation `Nonaka:2020crv' on page 7 undefined on input 
line 523.


Package natbib Warning: Citation `Pandav:2020uzx' on page 7 undefined on input 
line 523.


Package natbib Warning: Citation `Luo:2017faz' on page 7 undefined on input lin
e 523.


Package natbib Warning: Citation `Adamczyk:2017iwn' on page 7 undefined on inpu
t line 523.


Package natbib Warning: Citation `Luo:2013bmi' on page 7 undefined on input lin
e 523.


Package natbib Warning: Citation `Chatterjee:2019fey' on page 7 undefined on in
put line 523.


Package natbib Warning: Citation `Chatterjee:2020nnn' on page 7 undefined on in
put line 523.


Package natbib Warning: Citation `Braun:2010vd' on page 7 undefined on input li
ne 523.


Package natbib Warning: Citation `Braun:2011iz' on page 7 undefined on input li
ne 523.


Package natbib Warning: Citation `Tripolt:2013zfa' on page 7 undefined on input
 line 523.


Package natbib Warning: Citation `Almasi:2016zqf' on page 7 undefined on input 
line 523.


Package natbib Warning: Citation `Klein:2017shl' on page 7 undefined on input l
ine 523.


Package natbib Warning: Citation `Li:2017zny' on page 7 undefined on input line
 523.


Package natbib Warning: Citation `Liu:2020elq' on page 7 undefined on input lin
e 523.


Package natbib Warning: Citation `Wan:2020vaj' on page 7 undefined on input lin
e 523.


Package natbib Warning: Citation `He:2016uei' on page 7 undefined on input line
 523.


Package natbib Warning: Citation `Braun-Munzinger:2016yjz' on page 7 undefined 
on input line 523.


Package natbib Warning: Citation `Vovchenko:2020tsr' on page 7 undefined on inp
ut line 523.


Package natbib Warning: Citation `Nahrgang:2014fza' on page 7 undefined on inpu
t line 523.


Package natbib Warning: Citation `Zhang:2019lqz' on page 7 undefined on input l
ine 523.


Package natbib Warning: Citation `Berdnikov:1999ph' on page 7 undefined on inpu
t line 525.


Package natbib Warning: Citation `Bluhm:2020mpc' on page 7 undefined on input l
ine 525.


LaTeX Warning: Reference `eq:suscept' on page 1 undefined on input line 527.


Package natbib Warning: Citation `Fu:2015amv' on page 7 undefined on input line
 527.


Package natbib Warning: Citation `Fu:2016tey' on page 7 undefined on input line
 527.


Package natbib Warning: Citation `Almasi:2017bhq' on page 7 undefined on input 
line 527.


Package natbib Warning: Citation `Isserstedt:2019pgx' on page 7 undefined on in
put line 527.


Package natbib Warning: Citation `Bazavov:2020bjn' on page 7 undefined on input
 line 527.

[7]

Package natbib Warning: Citation `Andronic:2017pug' on page 8 undefined on inpu
t line 529.


Package natbib Warning: Citation `Adamczyk:2017iwn' on page 8 undefined on inpu
t line 529.


Package natbib Warning: Citation `Andronic:2017pug' on page 8 undefined on inpu
t line 529.


Underfull \hbox (badness 10000) in paragraph at lines 541--546

 []

<Rm2-sqrtS.pdf, id=699, 650.43pt x 578.16pt>
File: Rm2-sqrtS.pdf Graphic file (type pdf)
<use Rm2-sqrtS.pdf>
Package pdftex.def Info: Rm2-sqrtS.pdf  used on input line 552.
(pdftex.def)             Requested size: 458.99689pt x 408.00867pt.

Package natbib Warning: Citation `Andronic:2017pug' on page 8 undefined on inpu
t line 559.


Package natbib Warning: Citation `Adamczyk:2017iwn' on page 8 undefined on inpu
t line 559.


Package natbib Warning: Citation `Adamczyk:2017iwn' on page 8 undefined on inpu
t line 559.


Package natbib Warning: Citation `Adam:2020unf' on page 8 undefined on input li
ne 559.


Package natbib Warning: Citation `Nonaka:2020crv' on page 8 undefined on input 
line 559.


Package natbib Warning: Citation `Pandav:2020uzx' on page 8 undefined on input 
line 559.


Package natbib Warning: Citation `Andronic:2017pug' on page 8 undefined on inpu
t line 559.


Package natbib Warning: Citation `Adamczyk:2017iwn' on page 8 undefined on inpu
t line 559.


Package natbib Warning: Citation `Adamczyk:2017iwn' on page 8 undefined on inpu
t line 559.


Package natbib Warning: Citation `Adam:2020unf' on page 8 undefined on input li
ne 559.


Package natbib Warning: Citation `Nonaka:2020crv' on page 8 undefined on input 
line 559.


Package natbib Warning: Citation `Pandav:2020uzx' on page 8 undefined on input 
line 559.


Package natbib Warning: Citation `Bluhm:2020rha' on page 8 undefined on input l
ine 563.


LaTeX Warning: Reference `fig:QCD-scalematching' on page 1 undefined on input l
ine 565.


LaTeX Warning: Reference `subsec:scale' on page 1 undefined on input line 565.

[8 <./R31R51R71-T-muB0to400.pdf> <./R32-T-muB0to400.pdf

pdfTeX warning: /usr/local/bin/pdflatex (file ./R32-T-muB0to400.pdf): PDF inclu
sion: multiple pdfs with page group included in a single page
>]

Package natbib Warning: Citation `Andronic:2017pug' on page 9 undefined on inpu
t line 578.


Package natbib Warning: Citation `Adam:2020unf' on page 9 undefined on input li
ne 582.


Package natbib Warning: Citation `Nonaka:2020crv' on page 9 undefined on input 
line 582.


Package natbib Warning: Citation `Pandav:2020uzx' on page 9 undefined on input 
line 582.

[9 <./phasediagram.pdf> <./R42phasediagram.pdf

pdfTeX warning: /usr/local/bin/pdflatex (file ./R42phasediagram.pdf): PDF inclu
sion: multiple pdfs with page group included in a single page
>]

Package natbib Warning: Citation `Nonaka:2020crv' on page 10 undefined on input
 line 592.


Package natbib Warning: Citation `Pandav:2020uzx' on page 10 undefined on input
 line 592.

[10 <./Rm2-sqrtS.pdf>]

Package natbib Warning: Citation `Schaefer:2006ds' on page 11 undefined on inpu
t line 594.


Package natbib Warning: Citation `Bluhm:2018qkf' on page 11 undefined on input 
line 594.


LaTeX Warning: Reference `eq:rescale' on page 1 undefined on input line 596.

<R32-sqrtS-other.pdf, id=1074, 325.215pt x 252.945pt>
File: R32-sqrtS-other.pdf Graphic file (type pdf)
<use R32-sqrtS-other.pdf>
Package pdftex.def Info: R32-sqrtS-other.pdf  used on input line 605.
(pdftex.def)             Requested size: 244.79782pt x 190.40302pt.
<R32-sqrtS.pdf, id=1075, 325.215pt x 252.945pt>
File: R32-sqrtS.pdf Graphic file (type pdf)
<use R32-sqrtS.pdf>
Package pdftex.def Info: R32-sqrtS.pdf  used on input line 606.
(pdftex.def)             Requested size: 244.79782pt x 190.40302pt.

Package natbib Warning: Citation `Andronic:2017pug' on page 11 undefined on inp
ut line 610.


Package natbib Warning: Citation `Adamczyk:2017iwn' on page 11 undefined on inp
ut line 610.


Package natbib Warning: Citation `Adamczyk:2017iwn' on page 11 undefined on inp
ut line 610.


Package natbib Warning: Citation `Andronic:2017pug' on page 11 undefined on inp
ut line 610.


Package natbib Warning: Citation `Adamczyk:2017iwn' on page 11 undefined on inp
ut line 610.


Package natbib Warning: Citation `Adamczyk:2017iwn' on page 11 undefined on inp
ut line 610.

<Rm1-sqrtS.pdf, id=1080, 325.215pt x 578.16pt>
File: Rm1-sqrtS.pdf Graphic file (type pdf)
<use Rm1-sqrtS.pdf>
Package pdftex.def Info: Rm1-sqrtS.pdf  used on input line 618.
(pdftex.def)             Requested size: 229.49844pt x 408.00867pt.

Package natbib Warning: Citation `Adamczyk:2017iwn' on page 11 undefined on inp
ut line 621.


Package natbib Warning: Citation `Adamczyk:2017iwn' on page 11 undefined on inp
ut line 621.


Package natbib Warning: Citation `Stephanov:1999zu' on page 11 undefined on inp
ut line 629.


Package natbib Warning: Citation `Stephanov:2011pb' on page 11 undefined on inp
ut line 629.


Underfull \hbox (badness 10000) in paragraph at lines 633--634

 []


Package natbib Warning: Citation `Fischer:2018sdj' on page 11 undefined on inpu
t line 637.


Package natbib Warning: Citation `Gao:2020qsj' on page 11 undefined on input li
ne 637.


Package natbib Warning: Citation `Gao:2020fbl' on page 11 undefined on input li
ne 637.

[11]

LaTeX Warning: Reference `fig:R42R62R82-T-muB0' on page 1 undefined on input li
ne 650.

[12 <./R32-sqrtS-other.pdf> <./R32-sqrtS.pdf

pdfTeX warning: /usr/local/bin/pdflatex (file ./R32-sqrtS.pdf): PDF inclusion: 
multiple pdfs with page group included in a single page
>]

LaTeX Warning: A float is stuck (cannot be placed); try class option [floatfix]
 on input line 654.


Underfull \hbox (badness 1424) in paragraph at lines 670--672
\OT1/cmr/m/n/10 11828501, 11890711 and 11861131009). The work
 []

[13 <./Rm1-sqrtS.pdf>]

Package natbib Warning: Citation `Gies:2001nw' on page 14 undefined on input li
ne 684.


Package natbib Warning: Citation `Gies:2002hq' on page 14 undefined on input li
ne 684.


Package natbib Warning: Citation `Pawlowski:2005xe' on page 14 undefined on inp
ut line 684.


Package natbib Warning: Citation `Braun:2008pi' on page 14 undefined on input l
ine 684.


Package natbib Warning: Citation `Floerchinger:2009uf' on page 14 undefined on 
input line 684.


Package natbib Warning: Citation `Mitter:2014wpa' on page 14 undefined on input
 line 684.


Package natbib Warning: Citation `Rennecke:2015eba' on page 14 undefined on inp
ut line 684.


Package natbib Warning: Citation `Cyrol:2017ewj' on page 14 undefined on input 
line 684.


Package natbib Warning: Citation `Braun:2007bx' on page 14 undefined on input l
ine 691.


Package natbib Warning: Citation `Braun:2008pi' on page 14 undefined on input l
ine 691.


Package natbib Warning: Citation `Braun:2009gm' on page 14 undefined on input l
ine 691.


Package natbib Warning: Citation `Mitter:2014wpa' on page 14 undefined on input
 line 691.


Package natbib Warning: Citation `Rennecke:2015eba' on page 14 undefined on inp
ut line 691.


Package natbib Warning: Citation `Cyrol:2016tym' on page 14 undefined on input 
line 691.


Package natbib Warning: Citation `Cyrol:2017ewj' on page 14 undefined on input 
line 691.


Package natbib Warning: Citation `Cyrol:2017qkl' on page 14 undefined on input 
line 691.


Package natbib Warning: Citation `Braun:2020ada' on page 14 undefined on input 
line 691.


Package natbib Warning: Citation `Braun:2020mhk' on page 14 undefined on input 
line 691.


Package natbib Warning: Citation `Litim:1998nf' on page 14 undefined on input l
ine 691.


Package natbib Warning: Citation `Berges:2000ew' on page 14 undefined on input 
line 691.


Package natbib Warning: Citation `Pawlowski:2005xe' on page 14 undefined on inp
ut line 691.


Package natbib Warning: Citation `Schaefer:2006sr' on page 14 undefined on inpu
t line 691.


Package natbib Warning: Citation `Gies:2006wv' on page 14 undefined on input li
ne 691.


Package natbib Warning: Citation `Rosten:2010vm' on page 14 undefined on input 
line 691.


Package natbib Warning: Citation `Braun:2011pp' on page 14 undefined on input l
ine 691.


Package natbib Warning: Citation `Pawlowski:2014aha' on page 14 undefined on in
put line 691.


Package natbib Warning: Citation `Dupuis:2020fhh' on page 14 undefined on input
 line 691.


Package natbib Warning: Citation `Litim:2000ci' on page 14 undefined on input l
ine 707.


Package natbib Warning: Citation `Litim:2001up' on page 14 undefined on input l
ine 707.


Package natbib Warning: Citation `Litim:2006ag' on page 14 undefined on input l
ine 707.


LaTeX Warning: Reference `eq:action' on page 1 undefined on input line 721.


Package natbib Warning: Citation `Yin:2019ebz' on page 14 undefined on input li
ne 729.

[14]

LaTeX Warning: Reference `eq:action' on page 1 undefined on input line 749.


LaTeX Warning: Reference `eq:action' on page 1 undefined on input line 749.


LaTeX Warning: Reference `eq:action' on page 1 undefined on input line 751.


Package natbib Warning: Citation `Yin:2019ebz' on page 15 undefined on input li
ne 751.


Package natbib Warning: Citation `Fu:2015naa' on page 15 undefined on input lin
e 762.


Package natbib Warning: Citation `Fu:2016tey' on page 15 undefined on input lin
e 762.


Package natbib Warning: Citation `Khan:2015puu' on page 15 undefined on input l
ine 764.


Package natbib Warning: Citation `Fu:2015naa' on page 15 undefined on input lin
e 764.


Package natbib Warning: Citation `Fu:2016tey' on page 15 undefined on input lin
e 764.


Package natbib Warning: Citation `Fu:2016tey' on page 15 undefined on input lin
e 764.


Package hyperref Warning: Token not allowed in a PDF string (PDFDocEncoding):
(hyperref)                removing `math shift' on input line 778.


Package hyperref Warning: Token not allowed in a PDF string (PDFDocEncoding):
(hyperref)                removing `subscript' on input line 778.


Package hyperref Warning: Token not allowed in a PDF string (PDFDocEncoding):
(hyperref)                removing `\rho' on input line 778.


Package hyperref Warning: Token not allowed in a PDF string (PDFDocEncoding):
(hyperref)                removing `math shift' on input line 778.


Package hyperref Warning: Token not allowed in a PDF string (PDFDocEncoding):
(hyperref)                removing `math shift' on input line 778.


Package hyperref Warning: Token not allowed in a PDF string (PDFDocEncoding):
(hyperref)                removing `subscript' on input line 778.


Package hyperref Warning: Token not allowed in a PDF string (PDFDocEncoding):
(hyperref)                removing `math shift' on input line 778.


Package hyperref Warning: Token not allowed in a PDF string (PDFDocEncoding):
(hyperref)                removing `math shift' on input line 778.


Package hyperref Warning: Token not allowed in a PDF string (PDFDocEncoding):
(hyperref)                removing `\eta' on input line 778.


Package hyperref Warning: Token not allowed in a PDF string (PDFDocEncoding):
(hyperref)                removing `subscript' on input line 778.


Package hyperref Warning: Token not allowed in a PDF string (PDFDocEncoding):
(hyperref)                removing `\phi' on input line 778.


Package hyperref Warning: Token not allowed in a PDF string (PDFDocEncoding):
(hyperref)                removing `math shift' on input line 778.


Package natbib Warning: Citation `Pawlowski:2014zaa' on page 15 undefined on in
put line 786.


Package natbib Warning: Citation `Yin:2019ebz' on page 15 undefined on input li
ne 786.


LaTeX Warning: Reference `eq:action' on page 1 undefined on input line 799.


Package natbib Warning: Citation `Pawlowski:2014zaa' on page 15 undefined on in
put line 806.


Package natbib Warning: Citation `Rennecke:2015lur' on page 15 undefined on inp
ut line 806.


Package natbib Warning: Citation `Fu:2015naa' on page 15 undefined on input lin
e 806.


Package natbib Warning: Citation `Yin:2019ebz' on page 15 undefined on input li
ne 806.

[15]

Package natbib Warning: Citation `Fu:2015naa' on page 16 undefined on input lin
e 831.


Package natbib Warning: Citation `Fu:2016tey' on page 16 undefined on input lin
e 831.


Underfull \hbox (badness 1430) in paragraph at lines 828--832
\OML/cmm/m/it/10 ^^YT$ \OT1/cmr/m/n/10 for the fi-nite tem-per-a-ture sec-tor a
nd $\OML/cmm/m/it/10 p[] \OT1/cmr/m/n/10 =
 []


Package natbib Warning: Citation `Yin:2019ebz' on page 16 undefined on input li
ne 841.


LaTeX Warning: Reference `eq:Vtotal' on page 1 undefined on input line 894.

[16]

Package natbib Warning: Citation `Lo:2013hla' on page 17 undefined on input lin
e 939.


Package natbib Warning: Citation `Lo:2013hla' on page 17 undefined on input lin
e 953.


Package natbib Warning: Citation `Fu:2015naa' on page 17 undefined on input lin
e 953.


Package natbib Warning: Citation `Fu:2016tey' on page 17 undefined on input lin
e 953.


Package natbib Warning: Citation `Lo:2013hla' on page 17 undefined on input lin
e 965.


Package natbib Warning: Citation `Pawlowski:2010ht' on page 17 undefined on inp
ut line 969.


Package natbib Warning: Citation `Haas:2013qwp' on page 17 undefined on input l
ine 969.


LaTeX Warning: Reference `sec:scaleLEFT' on page 1 undefined on input line 969.



Overfull \hbox (38.12581pt too wide) detected at line 1001
[]
 []


Overfull \hbox (7.52681pt too wide) detected at line 1022
[]
 []

[17]
Overfull \hbox (41.2397pt too wide) detected at line 1027
[]
 []


Overfull \hbox (40.57343pt too wide) detected at line 1033
[]
 []

(./hyper-fluc.bbl
Underfull \hbox (badness 2846) in paragraph at lines 111--117
 []\OT1/cmr/m/n/9 V. K. Ti-wari, [][]Phys. Rev. D \OT1/cmr/bx/n/9 88\OT1/cmr/m/
n/9 , 074017 (2013)[][],
 []

)

Package natbib Warning: There were undefined citations.

[18]
Package atveryend Info: Empty hook `AfterLastShipout' on input line 1051.
 (./hyper-fluc.aux)
Package atveryend Info: Executing hook `AtVeryEndDocument' on input line 1051.
Package atveryend Info: Executing hook `AtEndAfterFileList' on input line 1051.

Package rerunfilecheck Info: File `hyper-fluc.out' has not changed.
(rerunfilecheck)             Checksum: 6DEA241AC8AD0899D63DB755E41FEA2F;1712.


LaTeX Warning: There were undefined references.


LaTeX Warning: There were multiply-defined labels.

 ) 
Here is how much of TeX's memory you used:
 14505 strings out of 480608
 267194 string characters out of 5903615
 571688 words of memory out of 5000000
 29986 multiletter control sequences out of 15000+600000
 546316 words of font info for 78 fonts, out of 8000000 for 9000
 1141 hyphenation exceptions out of 8191
 38i,17n,57p,1840b,806s stack positions out of 5000i,500n,10000p,200000b,80000s
</usr/local/texlive/2020/texmf-dist/fonts/type1/public/bbold-type1/bbold10.pf
b></usr/local/texlive/2020/texmf-dist/fonts/type1/public/amsfonts/cm/cmbx10.pfb
></usr/local/texlive/2020/texmf-dist/fonts/type1/public/amsfonts/cm/cmbx12.pfb>
</usr/local/texlive/2020/texmf-dist/fonts/type1/public/amsfonts/cm/cmbx9.pfb></
usr/local/texlive/2020/texmf-dist/fonts/type1/public/amsfonts/cm/cmex10.pfb></u
sr/local/texlive/2020/texmf-dist/fonts/type1/public/amsfonts/cm/cmmi10.pfb></us
r/local/texlive/2020/texmf-dist/fonts/type1/public/amsfonts/cm/cmmi12.pfb></usr
/local/texlive/2020/texmf-dist/fonts/type1/public/amsfonts/cm/cmmi5.pfb></usr/l
ocal/texlive/2020/texmf-dist/fonts/type1/public/amsfonts/cm/cmmi6.pfb></usr/loc
al/texlive/2020/texmf-dist/fonts/type1/public/amsfonts/cm/cmmi7.pfb></usr/local
/texlive/2020/texmf-dist/fonts/type1/public/amsfonts/cm/cmmi8.pfb></usr/local/t
exlive/2020/texmf-dist/fonts/type1/public/amsfonts/cm/cmmi9.pfb></usr/local/tex
live/2020/texmf-dist/fonts/type1/public/amsfonts/cm/cmmib10.pfb></usr/local/tex
live/2020/texmf-dist/fonts/type1/public/amsfonts/cmextra/cmmib7.pfb></usr/local
/texlive/2020/texmf-dist/fonts/type1/public/amsfonts/cm/cmr10.pfb></usr/local/t
exlive/2020/texmf-dist/fonts/type1/public/amsfonts/cm/cmr12.pfb></usr/local/tex
live/2020/texmf-dist/fonts/type1/public/amsfonts/cm/cmr5.pfb></usr/local/texliv
e/2020/texmf-dist/fonts/type1/public/amsfonts/cm/cmr6.pfb></usr/local/texlive/2
020/texmf-dist/fonts/type1/public/amsfonts/cm/cmr7.pfb></usr/local/texlive/2020
/texmf-dist/fonts/type1/public/amsfonts/cm/cmr8.pfb></usr/local/texlive/2020/te
xmf-dist/fonts/type1/public/amsfonts/cm/cmr9.pfb></usr/local/texlive/2020/texmf
-dist/fonts/type1/public/amsfonts/cm/cmsy10.pfb></usr/local/texlive/2020/texmf-
dist/fonts/type1/public/amsfonts/cm/cmsy5.pfb></usr/local/texlive/2020/texmf-di
st/fonts/type1/public/amsfonts/cm/cmsy6.pfb></usr/local/texlive/2020/texmf-dist
/fonts/type1/public/amsfonts/cm/cmsy7.pfb></usr/local/texlive/2020/texmf-dist/f
onts/type1/public/amsfonts/cm/cmsy9.pfb></usr/local/texlive/2020/texmf-dist/fon
ts/type1/public/amsfonts/cm/cmti10.pfb></usr/local/texlive/2020/texmf-dist/font
s/type1/public/amsfonts/cm/cmti9.pfb></usr/local/texlive/2020/texmf-dist/fonts/
type1/public/amsfonts/symbols/msam10.pfb>
Output written on hyper-fluc.pdf (18 pages, 1563009 bytes).
PDF statistics:
 1612 PDF objects out of 1728 (max. 8388607)
 874 compressed objects within 9 object streams
 153 named destinations out of 1000 (max. 500000)
 252 words of extra memory for PDF output out of 10000 (max. 10000000)

